<?xml version="1.0" encoding="utf-8"?><testsuites name="pytest tests"><testsuite name="pytest" errors="0" failures="0" skipped="0" tests="12" time="10.679" timestamp="2026-05-06T14:13:23.146661+00:00" hostname="agent-env-4372083c-2353-4bed-b85d-65656170796b"><testcase classname="backend.tests.test_chatbot.TestFaqTemplates" name="test_seeker_faq_templates" time="0.595" /><testcase classname="backend.tests.test_chatbot.TestFaqTemplates" name="test_provider_faq_templates_differ_from_seeker" time="2.103" /><testcase classname="backend.tests.test_chatbot.TestFaqTemplates" name="test_admin_forbidden" time="0.512" /><testcase classname="backend.tests.test_chatbot.TestFaqTemplates" name="test_verificator_forbidden" time="0.481" /><testcase classname="backend.tests.test_chatbot.TestFaqTemplates" name="test_unauthenticated" time="0.149" /><testcase classname="backend.tests.test_chatbot.TestChatbotAsk" name="test_seeker_ask_indonesian" time="1.514" /><testcase classname="backend.tests.test_chatbot.TestChatbotAsk" name="test_seeker_ask_english" time="3.331" /><testcase classname="backend.tests.test_chatbot.TestChatbotAsk" name="test_provider_ask" time="1.214" /><testcase classname="backend.tests.test_chatbot.TestChatbotAsk" name="test_admin_forbidden" time="0.123" /><testcase classname="backend.tests.test_chatbot.TestChatbotAsk" name="test_verificator_forbidden" time="0.134" /><testcase classname="backend.tests.test_chatbot.TestChatbotAsk" name="test_empty_question" time="0.213" /><testcase classname="backend.tests.test_chatbot.TestChatbotAsk" name="test_unauthenticated" time="0.231" /></testsuite></testsuites>